2023-10-03 15:06:00,703 INFO:aiogram.dispatcher: Start polling
2023-10-03 15:06:00,746 INFO:aiogram.dispatcher: Run polling for bot @avi_test_support_bot id=6462724049 - 'avi_test_bot_support'
2023-10-03 15:06:10,132 INFO:aiogram.event: Update id=745768904 is handled. Duration 156 ms by bot id=6462724049
2023-10-03 15:06:11,207 INFO:aiogram.event: Update id=745768905 is handled. Duration 156 ms by bot id=6462724049
2023-10-03 15:45:56,785 INFO:aiogram.event: Update id=745768906 is handled. Duration 171 ms by bot id=6462724049
2023-10-03 15:45:57,831 INFO:aiogram.event: Update id=745768907 is handled. Duration 108 ms by bot id=6462724049
2023-10-03 15:45:59,875 INFO:aiogram.event: Update id=745768908 is handled. Duration 203 ms by bot id=6462724049
2023-10-03 15:46:02,336 INFO:aiogram.event: Update id=745768909 is handled. Duration 266 ms by bot id=6462724049
2023-10-03 15:46:05,838 INFO:aiogram.event: Update id=745768910 is handled. Duration 172 ms by bot id=6462724049
2023-10-03 15:46:08,332 INFO:aiogram.event: Update id=745768911 is handled. Duration 233 ms by bot id=6462724049
2023-10-03 15:46:10,094 INFO:aiogram.event: Update id=745768912 is handled. Duration 108 ms by bot id=6462724049
2023-10-03 15:46:27,946 INFO:aiogram.event: Update id=745768913 is handled. Duration 483 ms by bot id=6462724049
2023-10-03 15:46:30,673 INFO:aiogram.event: Update id=745768914 is handled. Duration 171 ms by bot id=6462724049
2023-10-03 15:47:26,349 INFO:aiogram.event: Update id=745768915 is handled. Duration 1734 ms by bot id=6462724049
2023-10-03 15:53:18,549 INFO:aiogram.event: Update id=745768916 is handled. Duration 218 ms by bot id=6462724049
2023-10-03 15:53:19,919 INFO:aiogram.dispatcher: Polling stopped
2023-10-03 15:53:19,920 INFO:aiogram.dispatcher: Polling stopped for bot @avi_test_support_bot id=6462724049 - 'avi_test_bot_support'
2023-10-03 15:53:21,914 INFO:aiogram.dispatcher: Start polling
2023-10-03 15:53:21,965 INFO:aiogram.dispatcher: Run polling for bot @avi_test_support_bot id=6462724049 - 'avi_test_bot_support'
2023-10-03 15:53:30,379 INFO:aiogram.event: Update id=745768917 is handled. Duration 188 ms by bot id=6462724049
2023-10-03 15:53:34,971 INFO:aiogram.event: Update id=745768918 is handled. Duration 157 ms by bot id=6462724049
2023-10-03 15:53:37,403 INFO:aiogram.event: Update id=745768919 is handled. Duration 139 ms by bot id=6462724049
2023-10-03 15:53:41,640 INFO:aiogram.event: Update id=745768920 is handled. Duration 156 ms by bot id=6462724049
2023-10-03 15:53:46,888 INFO:aiogram.event: Update id=745768921 is handled. Duration 172 ms by bot id=6462724049
2023-10-03 15:53:55,756 INFO:aiogram.event: Update id=745768922 is handled. Duration 78 ms by bot id=6462724049
2023-10-03 15:55:00,778 INFO:aiogram.event: Update id=745768923 is handled. Duration 155 ms by bot id=6462724049
2023-10-03 15:55:01,859 INFO:aiogram.event: Update id=745768924 is handled. Duration 79 ms by bot id=6462724049
2023-10-03 15:55:05,853 INFO:aiogram.event: Update id=745768925 is handled. Duration 79 ms by bot id=6462724049
2023-10-03 15:55:08,420 INFO:aiogram.event: Update id=745768926 is handled. Duration 233 ms by bot id=6462724049
2023-10-03 15:55:09,409 INFO:aiogram.event: Update id=745768927 is handled. Duration 436 ms by bot id=6462724049
2023-10-03 15:55:10,368 INFO:aiogram.event: Update id=745768928 is handled. Duration 94 ms by bot id=6462724049
2023-10-03 15:55:11,639 INFO:aiogram.event: Update id=745768929 is handled. Duration 63 ms by bot id=6462724049
2023-10-03 15:55:14,967 INFO:aiogram.event: Update id=745768930 is handled. Duration 0 ms by bot id=6462724049
2023-10-03 15:55:24,869 INFO:aiogram.event: Update id=745768931 is handled. Duration 62 ms by bot id=6462724049
2023-10-03 15:55:28,413 INFO:aiogram.event: Update id=745768932 is handled. Duration 202 ms by bot id=6462724049
2023-10-03 15:55:30,555 INFO:aiogram.event: Update id=745768933 is handled. Duration 77 ms by bot id=6462724049
2023-10-03 15:55:32,254 INFO:aiogram.event: Update id=745768934 is handled. Duration 78 ms by bot id=6462724049
2023-10-03 15:59:57,726 INFO:aiogram.dispatcher: Polling stopped
2023-10-03 15:59:57,727 INFO:aiogram.dispatcher: Polling stopped for bot @avi_test_support_bot id=6462724049 - 'avi_test_bot_support'
2023-10-03 16:00:01,742 INFO:aiogram.dispatcher: Start polling
2023-10-03 16:00:01,781 INFO:aiogram.dispatcher: Run polling for bot @avi_test_support_bot id=6462724049 - 'avi_test_bot_support'
2023-10-03 16:00:03,681 INFO:aiogram.event: Update id=745768935 is handled. Duration 218 ms by bot id=6462724049
2023-10-03 16:00:04,446 INFO:aiogram.event: Update id=745768936 is handled. Duration 172 ms by bot id=6462724049
2023-10-03 16:00:05,977 INFO:aiogram.event: Update id=745768937 is handled. Duration 234 ms by bot id=6462724049
2023-10-03 16:00:06,891 INFO:aiogram.event: Update id=745768938 is handled. Duration 172 ms by bot id=6462724049
2023-10-03 16:00:07,681 INFO:aiogram.event: Update id=745768939 is handled. Duration 266 ms by bot id=6462724049
2023-10-03 16:00:08,445 INFO:aiogram.event: Update id=745768940 is handled. Duration 358 ms by bot id=6462724049
2023-10-03 16:00:10,224 INFO:aiogram.event: Update id=745768941 is handled. Duration 109 ms by bot id=6462724049
2023-10-03 16:00:12,481 INFO:aiogram.event: Update id=745768942 is handled. Duration 329 ms by bot id=6462724049
2023-10-03 16:00:15,697 INFO:aiogram.event: Update id=745768943 is handled. Duration 125 ms by bot id=6462724049
2023-10-03 16:00:19,076 INFO:aiogram.event: Update id=745768944 is handled. Duration 172 ms by bot id=6462724049
2023-10-03 16:00:21,187 INFO:aiogram.event: Update id=745768945 is handled. Duration 187 ms by bot id=6462724049
2023-10-03 16:00:22,297 INFO:aiogram.event: Update id=745768946 is handled. Duration 202 ms by bot id=6462724049
2023-10-03 16:00:23,913 INFO:aiogram.event: Update id=745768947 is handled. Duration 125 ms by bot id=6462724049
2023-10-03 16:00:30,431 INFO:aiogram.event: Update id=745768948 is handled. Duration 327 ms by bot id=6462724049
2023-10-03 16:00:33,896 INFO:aiogram.event: Update id=745768949 is handled. Duration 125 ms by bot id=6462724049
2023-10-03 16:00:35,214 INFO:aiogram.event: Update id=745768950 is handled. Duration 358 ms by bot id=6462724049
2023-10-03 16:01:32,110 INFO:aiogram.event: Update id=745768951 is handled. Duration 250 ms by bot id=6462724049
2023-10-03 16:01:38,856 INFO:aiogram.event: Update id=745768952 is not handled. Duration 0 ms by bot id=6462724049
2023-10-03 16:01:38,856 ERROR:aiogram.event: Cause exception while process update id=745768952 by bot id=6462724049
AttributeError: 'NoneType' object has no attribute 'reverse_state'
Traceback (most recent call last):
  File "D:\python_projects\new_pc_projects\aviline_telegram_bot\3_11\Lib\site-packages\aiogram\dispatcher\dispatcher.py", line 297, in _process_update
    response = await self.feed_update(bot, update, **kwargs)
               ^^^^^^^^^^^^^^^^^^^^^^^^^^^^^^^^^^^^^^^^^^^^^
  File "D:\python_projects\new_pc_projects\aviline_telegram_bot\3_11\Lib\site-packages\aiogram\dispatcher\dispatcher.py", line 146, in feed_update
    response = await self.update.wrap_outer_middleware(
               ^^^^^^^^^^^^^^^^^^^^^^^^^^^^^^^^^^^^^^^^
  File "D:\python_projects\new_pc_projects\aviline_telegram_bot\3_11\Lib\site-packages\aiogram\dispatcher\middlewares\error.py", line 25, in __call__
    return await handler(event, data)
           ^^^^^^^^^^^^^^^^^^^^^^^^^^
  File "D:\python_projects\new_pc_projects\aviline_telegram_bot\3_11\Lib\site-packages\aiogram\dispatcher\middlewares\user_context.py", line 23, in __call__
    return await handler(event, data)
           ^^^^^^^^^^^^^^^^^^^^^^^^^^
  File "D:\python_projects\new_pc_projects\aviline_telegram_bot\3_11\Lib\site-packages\aiogram\fsm\middleware.py", line 39, in __call__
    return await handler(event, data)
           ^^^^^^^^^^^^^^^^^^^^^^^^^^
  File "D:\python_projects\new_pc_projects\aviline_telegram_bot\3_11\Lib\site-packages\aiogram\dispatcher\event\telegram.py", line 123, in trigger
    return await wrapped_inner(event, kwargs)
           ^^^^^^^^^^^^^^^^^^^^^^^^^^^^^^^^^^
  File "D:\python_projects\new_pc_projects\aviline_telegram_bot\3_11\Lib\site-packages\aiogram\dispatcher\event\handler.py", line 42, in call
    return await wrapped()
           ^^^^^^^^^^^^^^^
  File "D:\python_projects\new_pc_projects\aviline_telegram_bot\3_11\Lib\site-packages\aiogram\dispatcher\dispatcher.py", line 264, in _listen_update
    return await self.propagate_event(update_type=update_type, event=event, **kwargs)
           ^^^^^^^^^^^^^^^^^^^^^^^^^^^^^^^^^^^^^^^^^^^^^^^^^^^^^^^^^^^^^^^^^^^^^^^^^^
  File "D:\python_projects\new_pc_projects\aviline_telegram_bot\3_11\Lib\site-packages\aiogram\dispatcher\router.py", line 115, in propagate_event
    return await observer.wrap_outer_middleware(_wrapped, event=event, data=kwargs)
           ^^^^^^^^^^^^^^^^^^^^^^^^^^^^^^^^^^^^^^^^^^^^^^^^^^^^^^^^^^^^^^^^^^^^^^^^
  File "D:\python_projects\new_pc_projects\aviline_telegram_bot\3_11\Lib\site-packages\aiogram\dispatcher\router.py", line 111, in _wrapped
    return await self._propagate_event(
           ^^^^^^^^^^^^^^^^^^^^^^^^^^^^
  File "D:\python_projects\new_pc_projects\aviline_telegram_bot\3_11\Lib\site-packages\aiogram\dispatcher\router.py", line 131, in _propagate_event
    response = await router.propagate_event(update_type=update_type, event=event, **kwargs)
               ^^^^^^^^^^^^^^^^^^^^^^^^^^^^^^^^^^^^^^^^^^^^^^^^^^^^^^^^^^^^^^^^^^^^^^^^^^^^
  File "D:\python_projects\new_pc_projects\aviline_telegram_bot\3_11\Lib\site-packages\aiogram\dispatcher\router.py", line 115, in propagate_event
    return await observer.wrap_outer_middleware(_wrapped, event=event, data=kwargs)
           ^^^^^^^^^^^^^^^^^^^^^^^^^^^^^^^^^^^^^^^^^^^^^^^^^^^^^^^^^^^^^^^^^^^^^^^^
  File "D:\python_projects\new_pc_projects\aviline_telegram_bot\3_11\Lib\site-packages\aiogram\dispatcher\router.py", line 111, in _wrapped
    return await self._propagate_event(
           ^^^^^^^^^^^^^^^^^^^^^^^^^^^^
  File "D:\python_projects\new_pc_projects\aviline_telegram_bot\3_11\Lib\site-packages\aiogram\dispatcher\router.py", line 124, in _propagate_event
    response = await observer.trigger(event, **kwargs)
               ^^^^^^^^^^^^^^^^^^^^^^^^^^^^^^^^^^^^^^^
  File "D:\python_projects\new_pc_projects\aviline_telegram_bot\3_11\Lib\site-packages\aiogram\dispatcher\event\telegram.py", line 123, in trigger
    return await wrapped_inner(event, kwargs)
           ^^^^^^^^^^^^^^^^^^^^^^^^^^^^^^^^^^
  File "D:\python_projects\new_pc_projects\aviline_telegram_bot\tgbot\middleware\database.py", line 25, in __call__
    return await handler(event, data)
           ^^^^^^^^^^^^^^^^^^^^^^^^^^
  File "D:\python_projects\new_pc_projects\aviline_telegram_bot\3_11\Lib\site-packages\aiogram\dispatcher\event\handler.py", line 42, in call
    return await wrapped()
           ^^^^^^^^^^^^^^^
  File "D:\python_projects\new_pc_projects\aviline_telegram_bot\tgbot\routers\basic_handlers.py", line 39, in move_back
    reverse_state = Navigation.find(current_state).reverse_state(data.get("branch"))  # get node, get node parent
                    ^^^^^^^^^^^^^^^^^^^^^^^^^^^^^^^^^^^^^^^^^^^^
AttributeError: 'NoneType' object has no attribute 'reverse_state'
2023-10-03 16:05:10,171 INFO:aiogram.event: Update id=745768953 is handled. Duration 1655 ms by bot id=6462724049
2023-10-03 16:05:12,872 INFO:aiogram.event: Update id=745768954 is handled. Duration 172 ms by bot id=6462724049
2023-10-03 16:05:21,988 INFO:aiogram.event: Update id=745768955 is handled. Duration 125 ms by bot id=6462724049
2023-10-03 16:05:23,525 INFO:aiogram.event: Update id=745768956 is handled. Duration 311 ms by bot id=6462724049
2023-10-03 16:05:24,089 INFO:aiogram.event: Update id=745768957 is handled. Duration 391 ms by bot id=6462724049
2023-10-03 16:05:24,575 INFO:aiogram.event: Update id=745768958 is handled. Duration 422 ms by bot id=6462724049
2023-10-03 16:05:24,918 INFO:aiogram.event: Update id=745768959 is handled. Duration 391 ms by bot id=6462724049
2023-10-03 16:05:28,069 INFO:aiogram.event: Update id=745768960 is handled. Duration 108 ms by bot id=6462724049
2023-10-03 16:05:30,126 INFO:aiogram.event: Update id=745768961 is handled. Duration 187 ms by bot id=6462724049
2023-10-03 16:05:33,705 INFO:aiogram.event: Update id=745768962 is handled. Duration 266 ms by bot id=6462724049
2023-10-03 16:05:34,525 INFO:aiogram.event: Update id=745768963 is not handled. Duration 0 ms by bot id=6462724049
2023-10-03 16:05:34,525 ERROR:aiogram.event: Cause exception while process update id=745768963 by bot id=6462724049
AttributeError: 'NoneType' object has no attribute 'reverse_state'
Traceback (most recent call last):
  File "D:\python_projects\new_pc_projects\aviline_telegram_bot\3_11\Lib\site-packages\aiogram\dispatcher\dispatcher.py", line 297, in _process_update
    response = await self.feed_update(bot, update, **kwargs)
               ^^^^^^^^^^^^^^^^^^^^^^^^^^^^^^^^^^^^^^^^^^^^^
  File "D:\python_projects\new_pc_projects\aviline_telegram_bot\3_11\Lib\site-packages\aiogram\dispatcher\dispatcher.py", line 146, in feed_update
    response = await self.update.wrap_outer_middleware(
               ^^^^^^^^^^^^^^^^^^^^^^^^^^^^^^^^^^^^^^^^
  File "D:\python_projects\new_pc_projects\aviline_telegram_bot\3_11\Lib\site-packages\aiogram\dispatcher\middlewares\error.py", line 25, in __call__
    return await handler(event, data)
           ^^^^^^^^^^^^^^^^^^^^^^^^^^
  File "D:\python_projects\new_pc_projects\aviline_telegram_bot\3_11\Lib\site-packages\aiogram\dispatcher\middlewares\user_context.py", line 23, in __call__
    return await handler(event, data)
           ^^^^^^^^^^^^^^^^^^^^^^^^^^
  File "D:\python_projects\new_pc_projects\aviline_telegram_bot\3_11\Lib\site-packages\aiogram\fsm\middleware.py", line 39, in __call__
    return await handler(event, data)
           ^^^^^^^^^^^^^^^^^^^^^^^^^^
  File "D:\python_projects\new_pc_projects\aviline_telegram_bot\3_11\Lib\site-packages\aiogram\dispatcher\event\telegram.py", line 123, in trigger
    return await wrapped_inner(event, kwargs)
           ^^^^^^^^^^^^^^^^^^^^^^^^^^^^^^^^^^
  File "D:\python_projects\new_pc_projects\aviline_telegram_bot\3_11\Lib\site-packages\aiogram\dispatcher\event\handler.py", line 42, in call
    return await wrapped()
           ^^^^^^^^^^^^^^^
  File "D:\python_projects\new_pc_projects\aviline_telegram_bot\3_11\Lib\site-packages\aiogram\dispatcher\dispatcher.py", line 264, in _listen_update
    return await self.propagate_event(update_type=update_type, event=event, **kwargs)
           ^^^^^^^^^^^^^^^^^^^^^^^^^^^^^^^^^^^^^^^^^^^^^^^^^^^^^^^^^^^^^^^^^^^^^^^^^^
  File "D:\python_projects\new_pc_projects\aviline_telegram_bot\3_11\Lib\site-packages\aiogram\dispatcher\router.py", line 115, in propagate_event
    return await observer.wrap_outer_middleware(_wrapped, event=event, data=kwargs)
           ^^^^^^^^^^^^^^^^^^^^^^^^^^^^^^^^^^^^^^^^^^^^^^^^^^^^^^^^^^^^^^^^^^^^^^^^
  File "D:\python_projects\new_pc_projects\aviline_telegram_bot\3_11\Lib\site-packages\aiogram\dispatcher\router.py", line 111, in _wrapped
    return await self._propagate_event(
           ^^^^^^^^^^^^^^^^^^^^^^^^^^^^
  File "D:\python_projects\new_pc_projects\aviline_telegram_bot\3_11\Lib\site-packages\aiogram\dispatcher\router.py", line 131, in _propagate_event
    response = await router.propagate_event(update_type=update_type, event=event, **kwargs)
               ^^^^^^^^^^^^^^^^^^^^^^^^^^^^^^^^^^^^^^^^^^^^^^^^^^^^^^^^^^^^^^^^^^^^^^^^^^^^
  File "D:\python_projects\new_pc_projects\aviline_telegram_bot\3_11\Lib\site-packages\aiogram\dispatcher\router.py", line 115, in propagate_event
    return await observer.wrap_outer_middleware(_wrapped, event=event, data=kwargs)
           ^^^^^^^^^^^^^^^^^^^^^^^^^^^^^^^^^^^^^^^^^^^^^^^^^^^^^^^^^^^^^^^^^^^^^^^^
  File "D:\python_projects\new_pc_projects\aviline_telegram_bot\3_11\Lib\site-packages\aiogram\dispatcher\router.py", line 111, in _wrapped
    return await self._propagate_event(
           ^^^^^^^^^^^^^^^^^^^^^^^^^^^^
  File "D:\python_projects\new_pc_projects\aviline_telegram_bot\3_11\Lib\site-packages\aiogram\dispatcher\router.py", line 124, in _propagate_event
    response = await observer.trigger(event, **kwargs)
               ^^^^^^^^^^^^^^^^^^^^^^^^^^^^^^^^^^^^^^^
  File "D:\python_projects\new_pc_projects\aviline_telegram_bot\3_11\Lib\site-packages\aiogram\dispatcher\event\telegram.py", line 123, in trigger
    return await wrapped_inner(event, kwargs)
           ^^^^^^^^^^^^^^^^^^^^^^^^^^^^^^^^^^
  File "D:\python_projects\new_pc_projects\aviline_telegram_bot\tgbot\middleware\database.py", line 25, in __call__
    return await handler(event, data)
           ^^^^^^^^^^^^^^^^^^^^^^^^^^
  File "D:\python_projects\new_pc_projects\aviline_telegram_bot\3_11\Lib\site-packages\aiogram\dispatcher\event\handler.py", line 42, in call
    return await wrapped()
           ^^^^^^^^^^^^^^^
  File "D:\python_projects\new_pc_projects\aviline_telegram_bot\tgbot\routers\basic_handlers.py", line 39, in move_back
    reverse_state = Navigation.find(current_state).reverse_state(data.get("branch"))  # get node, get node parent
                    ^^^^^^^^^^^^^^^^^^^^^^^^^^^^^^^^^^^^^^^^^^^^
AttributeError: 'NoneType' object has no attribute 'reverse_state'
2023-10-03 16:05:40,173 INFO:aiogram.dispatcher: Polling stopped
2023-10-03 16:05:40,174 INFO:aiogram.dispatcher: Polling stopped for bot @avi_test_support_bot id=6462724049 - 'avi_test_bot_support'
2023-10-03 16:05:41,536 INFO:aiogram.dispatcher: Start polling
2023-10-03 16:05:41,578 INFO:aiogram.dispatcher: Run polling for bot @avi_test_support_bot id=6462724049 - 'avi_test_bot_support'
2023-10-03 16:05:43,485 INFO:aiogram.event: Update id=745768964 is handled. Duration 172 ms by bot id=6462724049
2023-10-03 16:05:44,318 INFO:aiogram.event: Update id=745768965 is handled. Duration 108 ms by bot id=6462724049
2023-10-03 16:05:45,226 INFO:aiogram.event: Update id=745768966 is handled. Duration 250 ms by bot id=6462724049
2023-10-03 16:05:45,929 INFO:aiogram.event: Update id=745768967 is handled. Duration 234 ms by bot id=6462724049
2023-10-03 16:05:46,440 INFO:aiogram.event: Update id=745768968 is handled. Duration 186 ms by bot id=6462724049
2023-10-03 16:05:46,924 INFO:aiogram.event: Update id=745768969 is handled. Duration 157 ms by bot id=6462724049
2023-10-03 16:05:49,112 INFO:aiogram.event: Update id=745768970 is handled. Duration 233 ms by bot id=6462724049
2023-10-03 16:05:49,890 INFO:aiogram.event: Update id=745768971 is handled. Duration 141 ms by bot id=6462724049
2023-10-03 16:05:53,808 INFO:aiogram.event: Update id=745768972 is handled. Duration 234 ms by bot id=6462724049
2023-10-03 16:05:54,541 INFO:aiogram.event: Update id=745768973 is handled. Duration 93 ms by bot id=6462724049
2023-10-03 16:32:28,188 INFO:aiogram.event: Update id=745768974 is handled. Duration 157 ms by bot id=6462724049
2023-10-03 16:38:53,506 INFO:aiogram.dispatcher: Polling stopped
2023-10-03 16:38:53,507 INFO:aiogram.dispatcher: Polling stopped for bot @avi_test_support_bot id=6462724049 - 'avi_test_bot_support'
2023-10-03 16:39:07,295 INFO:aiogram.dispatcher: Start polling
2023-10-03 16:39:07,338 INFO:aiogram.dispatcher: Run polling for bot @avi_test_support_bot id=6462724049 - 'avi_test_bot_support'
2023-10-03 16:39:18,036 INFO:aiogram.event: Update id=745768975 is handled. Duration 218 ms by bot id=6462724049
2023-10-03 16:39:19,406 INFO:aiogram.event: Update id=745768976 is handled. Duration 108 ms by bot id=6462724049
2023-10-03 16:39:20,761 INFO:aiogram.event: Update id=745768977 is handled. Duration 235 ms by bot id=6462724049
2023-10-03 16:39:21,446 INFO:aiogram.event: Update id=745768978 is handled. Duration 390 ms by bot id=6462724049
2023-10-03 16:39:22,157 INFO:aiogram.event: Update id=745768979 is handled. Duration 280 ms by bot id=6462724049
2023-10-03 16:39:23,000 INFO:aiogram.event: Update id=745768980 is handled. Duration 297 ms by bot id=6462724049
2023-10-03 16:39:25,138 INFO:aiogram.event: Update id=745768981 is handled. Duration 78 ms by bot id=6462724049
2023-10-03 16:39:29,616 INFO:aiogram.event: Update id=745768982 is handled. Duration 172 ms by bot id=6462724049
2023-10-03 16:39:32,414 INFO:aiogram.event: Update id=745768983 is handled. Duration 108 ms by bot id=6462724049
2023-10-03 16:40:16,752 INFO:aiogram.dispatcher: Polling stopped
2023-10-03 16:40:16,753 INFO:aiogram.dispatcher: Polling stopped for bot @avi_test_support_bot id=6462724049 - 'avi_test_bot_support'
2023-10-03 16:40:18,146 INFO:aiogram.dispatcher: Start polling
2023-10-03 16:40:18,190 INFO:aiogram.dispatcher: Run polling for bot @avi_test_support_bot id=6462724049 - 'avi_test_bot_support'
2023-10-03 16:40:20,813 INFO:aiogram.event: Update id=745768984 is handled. Duration 218 ms by bot id=6462724049
2023-10-03 16:40:21,319 INFO:aiogram.event: Update id=745768985 is handled. Duration 108 ms by bot id=6462724049
2023-10-03 16:40:22,405 INFO:aiogram.event: Update id=745768986 is handled. Duration 139 ms by bot id=6462724049
2023-10-03 16:40:22,999 INFO:aiogram.event: Update id=745768987 is handled. Duration 172 ms by bot id=6462724049
2023-10-03 16:40:23,659 INFO:aiogram.event: Update id=745768988 is handled. Duration 311 ms by bot id=6462724049
2023-10-03 16:40:24,491 INFO:aiogram.event: Update id=745768989 is handled. Duration 375 ms by bot id=6462724049
2023-10-03 16:40:25,721 INFO:aiogram.event: Update id=745768990 is handled. Duration 79 ms by bot id=6462724049
2023-10-03 16:40:28,156 INFO:aiogram.event: Update id=745768991 is handled. Duration 139 ms by bot id=6462724049
2023-10-03 16:40:30,210 INFO:aiogram.event: Update id=745768992 is handled. Duration 77 ms by bot id=6462724049
2023-10-03 16:40:54,552 INFO:aiogram.dispatcher: Polling stopped
2023-10-03 16:40:54,553 INFO:aiogram.dispatcher: Polling stopped for bot @avi_test_support_bot id=6462724049 - 'avi_test_bot_support'
2023-10-03 16:40:55,844 INFO:aiogram.dispatcher: Start polling
2023-10-03 16:40:55,885 INFO:aiogram.dispatcher: Run polling for bot @avi_test_support_bot id=6462724049 - 'avi_test_bot_support'
2023-10-03 16:40:57,492 INFO:aiogram.event: Update id=745768993 is handled. Duration 233 ms by bot id=6462724049
2023-10-03 16:40:58,025 INFO:aiogram.event: Update id=745768994 is handled. Duration 92 ms by bot id=6462724049
2023-10-03 16:40:59,039 INFO:aiogram.event: Update id=745768995 is handled. Duration 202 ms by bot id=6462724049
2023-10-03 16:40:59,368 INFO:aiogram.event: Update id=745768996 is handled. Duration 156 ms by bot id=6462724049
2023-10-03 16:40:59,788 INFO:aiogram.event: Update id=745768997 is handled. Duration 218 ms by bot id=6462724049
2023-10-03 16:41:00,218 INFO:aiogram.event: Update id=745768998 is handled. Duration 281 ms by bot id=6462724049
2023-10-03 16:41:02,106 INFO:aiogram.event: Update id=745768999 is handled. Duration 188 ms by bot id=6462724049
2023-10-03 16:41:03,466 INFO:aiogram.event: Update id=745769000 is handled. Duration 141 ms by bot id=6462724049
2023-10-03 16:41:05,116 INFO:aiogram.event: Update id=745769001 is handled. Duration 78 ms by bot id=6462724049
2023-10-03 16:41:26,058 INFO:aiogram.event: Update id=745769002 is handled. Duration 234 ms by bot id=6462724049
2023-10-03 16:41:59,724 INFO:aiogram.event: Update id=745769003 is handled. Duration 172 ms by bot id=6462724049
2023-10-03 16:42:45,553 INFO:aiogram.dispatcher: Polling stopped
2023-10-03 16:42:45,554 INFO:aiogram.dispatcher: Polling stopped for bot @avi_test_support_bot id=6462724049 - 'avi_test_bot_support'
2023-10-03 16:42:50,103 INFO:aiogram.dispatcher: Start polling
2023-10-03 16:42:50,143 INFO:aiogram.dispatcher: Run polling for bot @avi_test_support_bot id=6462724049 - 'avi_test_bot_support'
2023-10-03 16:43:06,194 INFO:aiogram.event: Update id=745769005 is handled. Duration 172 ms by bot id=6462724049
2023-10-03 16:43:07,301 INFO:aiogram.event: Update id=745769006 is handled. Duration 93 ms by bot id=6462724049
2023-10-03 16:43:08,034 INFO:aiogram.event: Update id=745769007 is handled. Duration 171 ms by bot id=6462724049
2023-10-03 16:43:08,505 INFO:aiogram.event: Update id=745769008 is handled. Duration 203 ms by bot id=6462724049
2023-10-03 16:43:08,826 INFO:aiogram.event: Update id=745769009 is handled. Duration 186 ms by bot id=6462724049
2023-10-03 16:43:09,474 INFO:aiogram.event: Update id=745769010 is handled. Duration 218 ms by bot id=6462724049
2023-10-03 16:43:10,671 INFO:aiogram.event: Update id=745769011 is handled. Duration 77 ms by bot id=6462724049
2023-10-03 16:43:13,157 INFO:aiogram.event: Update id=745769012 is handled. Duration 125 ms by bot id=6462724049
2023-10-03 16:43:14,532 INFO:aiogram.event: Update id=745769013 is handled. Duration 61 ms by bot id=6462724049
2023-10-03 16:43:19,877 INFO:aiogram.event: Update id=745769014 is handled. Duration 219 ms by bot id=6462724049
2023-10-03 16:43:22,066 INFO:aiogram.event: Update id=745769015 is handled. Duration 125 ms by bot id=6462724049
2023-10-03 16:43:23,780 INFO:aiogram.event: Update id=745769016 is handled. Duration 108 ms by bot id=6462724049
2023-10-03 16:43:25,507 INFO:aiogram.event: Update id=745769017 is handled. Duration 188 ms by bot id=6462724049
2023-10-03 16:43:28,082 INFO:aiogram.event: Update id=745769018 is handled. Duration 188 ms by bot id=6462724049
2023-10-03 16:43:33,369 INFO:aiogram.event: Update id=745769019 is handled. Duration 219 ms by bot id=6462724049
2023-10-03 16:43:36,207 INFO:aiogram.event: Update id=745769020 is handled. Duration 93 ms by bot id=6462724049
2023-10-03 16:44:47,375 INFO:aiogram.event: Update id=745769021 is handled. Duration 265 ms by bot id=6462724049
2023-10-03 16:44:52,650 INFO:aiogram.event: Update id=745769022 is handled. Duration 77 ms by bot id=6462724049
2023-10-03 16:44:53,417 INFO:aiogram.event: Update id=745769023 is handled. Duration 77 ms by bot id=6462724049
2023-10-03 16:47:47,897 INFO:aiogram.dispatcher: Polling stopped
2023-10-03 16:47:47,897 INFO:aiogram.dispatcher: Polling stopped for bot @avi_test_support_bot id=6462724049 - 'avi_test_bot_support'
2023-10-03 16:47:58,061 INFO:aiogram.dispatcher: Start polling
2023-10-03 16:47:58,103 INFO:aiogram.dispatcher: Run polling for bot @avi_test_support_bot id=6462724049 - 'avi_test_bot_support'
2023-10-03 16:48:10,663 INFO:aiogram.event: Update id=745769025 is handled. Duration 250 ms by bot id=6462724049
2023-10-03 16:48:11,554 INFO:aiogram.event: Update id=745769026 is handled. Duration 141 ms by bot id=6462724049
2023-10-03 16:48:12,792 INFO:aiogram.event: Update id=745769027 is handled. Duration 233 ms by bot id=6462724049
2023-10-03 16:48:13,357 INFO:aiogram.event: Update id=745769028 is handled. Duration 282 ms by bot id=6462724049
2023-10-03 16:48:13,842 INFO:aiogram.event: Update id=745769029 is handled. Duration 233 ms by bot id=6462724049
2023-10-03 16:48:14,417 INFO:aiogram.event: Update id=745769030 is handled. Duration 141 ms by bot id=6462724049
2023-10-03 16:48:15,600 INFO:aiogram.event: Update id=745769031 is handled. Duration 93 ms by bot id=6462724049
2023-10-03 16:48:19,011 INFO:aiogram.event: Update id=745769032 is handled. Duration 219 ms by bot id=6462724049
2023-10-03 16:48:20,600 INFO:aiogram.event: Update id=745769033 is handled. Duration 125 ms by bot id=6462724049
2023-10-03 16:48:21,622 INFO:aiogram.event: Update id=745769034 is handled. Duration 125 ms by bot id=6462724049
2023-10-03 16:48:26,811 INFO:aiogram.event: Update id=745769035 is handled. Duration 266 ms by bot id=6462724049
2023-10-03 16:48:30,085 INFO:aiogram.event: Update id=745769036 is handled. Duration 141 ms by bot id=6462724049
2023-10-03 16:48:33,422 INFO:aiogram.event: Update id=745769037 is handled. Duration 171 ms by bot id=6462724049
2023-10-03 16:48:34,405 INFO:aiogram.event: Update id=745769038 is handled. Duration 108 ms by bot id=6462724049
2023-10-03 16:49:01,176 INFO:aiogram.event: Update id=745769039 is handled. Duration 171 ms by bot id=6462724049
2023-10-03 16:50:49,498 INFO:aiogram.event: Update id=745769040 is handled. Duration 265 ms by bot id=6462724049
2023-10-03 16:50:50,305 INFO:aiogram.event: Update id=745769041 is handled. Duration 157 ms by bot id=6462724049
2023-10-03 16:50:51,577 INFO:aiogram.event: Update id=745769042 is handled. Duration 77 ms by bot id=6462724049
2023-10-03 16:50:53,297 INFO:aiogram.event: Update id=745769043 is handled. Duration 186 ms by bot id=6462724049
2023-10-03 16:50:54,091 INFO:aiogram.event: Update id=745769044 is handled. Duration 93 ms by bot id=6462724049
2023-10-03 16:50:58,044 INFO:aiogram.event: Update id=745769045 is handled. Duration 250 ms by bot id=6462724049
2023-10-03 16:50:59,083 INFO:aiogram.event: Update id=745769046 is handled. Duration 125 ms by bot id=6462724049
2023-10-03 16:50:59,886 INFO:aiogram.event: Update id=745769047 is handled. Duration 78 ms by bot id=6462724049
2023-10-03 16:55:05,418 INFO:aiogram.dispatcher: Polling stopped
2023-10-03 16:55:05,419 INFO:aiogram.dispatcher: Polling stopped for bot @avi_test_support_bot id=6462724049 - 'avi_test_bot_support'
2023-10-03 16:55:08,713 INFO:aiogram.dispatcher: Start polling
2023-10-03 16:55:08,752 INFO:aiogram.dispatcher: Run polling for bot @avi_test_support_bot id=6462724049 - 'avi_test_bot_support'
2023-10-03 16:55:12,234 INFO:aiogram.event: Update id=745769048 is handled. Duration 234 ms by bot id=6462724049
2023-10-03 16:55:13,176 INFO:aiogram.event: Update id=745769049 is handled. Duration 171 ms by bot id=6462724049
2023-10-03 16:55:13,874 INFO:aiogram.event: Update id=745769050 is handled. Duration 156 ms by bot id=6462724049
2023-10-03 16:55:14,391 INFO:aiogram.event: Update id=745769051 is handled. Duration 125 ms by bot id=6462724049
2023-10-03 16:55:14,881 INFO:aiogram.event: Update id=745769052 is handled. Duration 125 ms by bot id=6462724049
2023-10-03 16:55:15,411 INFO:aiogram.event: Update id=745769053 is handled. Duration 141 ms by bot id=6462724049
2023-10-03 16:55:16,961 INFO:aiogram.event: Update id=745769054 is handled. Duration 93 ms by bot id=6462724049
2023-10-03 16:55:19,641 INFO:aiogram.event: Update id=745769055 is handled. Duration 235 ms by bot id=6462724049
2023-10-03 16:55:20,814 INFO:aiogram.event: Update id=745769056 is handled. Duration 77 ms by bot id=6462724049
2023-10-03 16:55:22,661 INFO:aiogram.event: Update id=745769057 is handled. Duration 266 ms by bot id=6462724049
2023-10-03 16:55:24,066 INFO:aiogram.event: Update id=745769058 is handled. Duration 156 ms by bot id=6462724049
2023-10-03 16:55:26,069 INFO:aiogram.event: Update id=745769059 is handled. Duration 140 ms by bot id=6462724049
2023-10-03 16:55:27,458 INFO:aiogram.event: Update id=745769060 is handled. Duration 77 ms by bot id=6462724049
2023-10-03 16:55:28,223 INFO:aiogram.event: Update id=745769061 is handled. Duration 79 ms by bot id=6462724049
2023-10-03 16:56:19,310 INFO:aiogram.dispatcher: Polling stopped
2023-10-03 16:56:19,311 INFO:aiogram.dispatcher: Polling stopped for bot @avi_test_support_bot id=6462724049 - 'avi_test_bot_support'
2023-10-03 16:56:20,595 INFO:aiogram.dispatcher: Start polling
2023-10-03 16:56:20,637 INFO:aiogram.dispatcher: Run polling for bot @avi_test_support_bot id=6462724049 - 'avi_test_bot_support'
2023-10-03 16:56:24,727 INFO:aiogram.event: Update id=745769062 is handled. Duration 157 ms by bot id=6462724049
2023-10-03 16:56:25,574 INFO:aiogram.event: Update id=745769063 is handled. Duration 92 ms by bot id=6462724049
2023-10-03 16:56:26,387 INFO:aiogram.event: Update id=745769064 is handled. Duration 313 ms by bot id=6462724049
2023-10-03 16:56:26,879 INFO:aiogram.event: Update id=745769065 is handled. Duration 250 ms by bot id=6462724049
2023-10-03 16:56:28,280 INFO:aiogram.event: Update id=745769066 is handled. Duration 358 ms by bot id=6462724049
2023-10-03 16:56:28,864 INFO:aiogram.event: Update id=745769067 is handled. Duration 156 ms by bot id=6462724049
2023-10-03 16:56:29,820 INFO:aiogram.event: Update id=745769068 is handled. Duration 77 ms by bot id=6462724049
2023-10-03 16:56:31,983 INFO:aiogram.event: Update id=745769069 is handled. Duration 313 ms by bot id=6462724049
2023-10-03 16:56:33,077 INFO:aiogram.event: Update id=745769070 is handled. Duration 77 ms by bot id=6462724049
2023-10-03 16:56:35,530 INFO:aiogram.event: Update id=745769071 is handled. Duration 92 ms by bot id=6462724049
2023-10-03 16:56:36,119 INFO:aiogram.event: Update id=745769072 is handled. Duration 94 ms by bot id=6462724049
2023-10-03 16:56:44,639 INFO:aiogram.event: Update id=745769073 is handled. Duration 219 ms by bot id=6462724049
2023-10-03 16:56:53,854 INFO:aiogram.event: Update id=745769074 is handled. Duration 109 ms by bot id=6462724049
2023-10-03 16:56:55,421 INFO:aiogram.event: Update id=745769075 is handled. Duration 218 ms by bot id=6462724049
2023-10-03 16:56:56,057 INFO:aiogram.event: Update id=745769076 is handled. Duration 77 ms by bot id=6462724049
2023-10-03 16:57:01,524 INFO:aiogram.event: Update id=745769077 is handled. Duration 217 ms by bot id=6462724049
2023-10-03 16:57:03,279 INFO:aiogram.event: Update id=745769078 is handled. Duration 61 ms by bot id=6462724049
2023-10-03 16:57:23,756 INFO:aiogram.dispatcher: Polling stopped
2023-10-03 16:57:23,756 INFO:aiogram.dispatcher: Polling stopped for bot @avi_test_support_bot id=6462724049 - 'avi_test_bot_support'
2023-10-03 16:57:24,998 INFO:aiogram.dispatcher: Start polling
2023-10-03 16:57:25,047 INFO:aiogram.dispatcher: Run polling for bot @avi_test_support_bot id=6462724049 - 'avi_test_bot_support'
2023-10-03 16:57:27,878 INFO:aiogram.event: Update id=745769079 is handled. Duration 203 ms by bot id=6462724049
2023-10-03 16:57:28,567 INFO:aiogram.event: Update id=745769080 is handled. Duration 77 ms by bot id=6462724049
2023-10-03 16:57:29,940 INFO:aiogram.event: Update id=745769081 is handled. Duration 172 ms by bot id=6462724049
2023-10-03 16:57:30,441 INFO:aiogram.event: Update id=745769082 is handled. Duration 156 ms by bot id=6462724049
2023-10-03 16:57:30,952 INFO:aiogram.event: Update id=745769083 is handled. Duration 186 ms by bot id=6462724049
2023-10-03 16:57:31,429 INFO:aiogram.event: Update id=745769084 is handled. Duration 234 ms by bot id=6462724049
2023-10-03 16:57:32,860 INFO:aiogram.event: Update id=745769085 is handled. Duration 79 ms by bot id=6462724049
2023-10-03 16:57:38,264 INFO:aiogram.event: Update id=745769086 is handled. Duration 203 ms by bot id=6462724049
2023-10-03 16:57:39,428 INFO:aiogram.event: Update id=745769087 is handled. Duration 93 ms by bot id=6462724049
2023-10-03 16:57:40,412 INFO:aiogram.event: Update id=745769088 is handled. Duration 93 ms by bot id=6462724049
2023-10-03 16:57:45,591 INFO:aiogram.event: Update id=745769089 is handled. Duration 77 ms by bot id=6462724049
2023-10-03 16:57:48,818 INFO:aiogram.event: Update id=745769090 is handled. Duration 92 ms by bot id=6462724049
2023-10-03 17:02:11,440 INFO:aiogram.event: Update id=745769091 is handled. Duration 358 ms by bot id=6462724049
2023-10-03 17:02:12,699 INFO:aiogram.event: Update id=745769092 is handled. Duration 77 ms by bot id=6462724049
2023-10-03 17:02:13,899 INFO:aiogram.event: Update id=745769093 is handled. Duration 77 ms by bot id=6462724049
2023-10-03 17:02:14,905 INFO:aiogram.event: Update id=745769094 is handled. Duration 108 ms by bot id=6462724049
2023-10-03 17:08:07,568 INFO:aiogram.dispatcher: Polling stopped
2023-10-03 17:08:07,569 INFO:aiogram.dispatcher: Polling stopped for bot @avi_test_support_bot id=6462724049 - 'avi_test_bot_support'
2023-10-03 17:08:08,908 INFO:aiogram.dispatcher: Start polling
2023-10-03 17:08:08,945 INFO:aiogram.dispatcher: Run polling for bot @avi_test_support_bot id=6462724049 - 'avi_test_bot_support'
2023-10-03 17:08:11,499 INFO:aiogram.event: Update id=745769095 is handled. Duration 156 ms by bot id=6462724049
2023-10-03 17:08:12,113 INFO:aiogram.event: Update id=745769096 is handled. Duration 125 ms by bot id=6462724049
2023-10-03 17:08:12,749 INFO:aiogram.event: Update id=745769097 is handled. Duration 78 ms by bot id=6462724049
2023-10-03 17:08:13,422 INFO:aiogram.event: Update id=745769098 is handled. Duration 93 ms by bot id=6462724049
2023-10-03 17:08:14,646 INFO:aiogram.event: Update id=745769099 is handled. Duration 311 ms by bot id=6462724049
2023-10-03 17:08:16,146 INFO:aiogram.event: Update id=745769100 is handled. Duration 77 ms by bot id=6462724049
2023-10-03 17:08:16,997 INFO:aiogram.event: Update id=745769101 is handled. Duration 172 ms by bot id=6462724049
2023-10-03 17:08:17,612 INFO:aiogram.event: Update id=745769102 is handled. Duration 156 ms by bot id=6462724049
2023-10-03 17:08:18,211 INFO:aiogram.event: Update id=745769103 is handled. Duration 188 ms by bot id=6462724049
2023-10-03 17:08:18,706 INFO:aiogram.event: Update id=745769104 is handled. Duration 141 ms by bot id=6462724049
2023-10-03 17:08:20,454 INFO:aiogram.event: Update id=745769105 is handled. Duration 77 ms by bot id=6462724049
2023-10-03 17:08:22,856 INFO:aiogram.event: Update id=745769106 is handled. Duration 188 ms by bot id=6462724049
2023-10-03 17:08:25,988 INFO:aiogram.event: Update id=745769107 is handled. Duration 156 ms by bot id=6462724049
2023-10-03 17:08:28,771 INFO:aiogram.event: Update id=745769108 is handled. Duration 139 ms by bot id=6462724049
2023-10-03 17:08:35,826 INFO:aiogram.event: Update id=745769109 is handled. Duration 500 ms by bot id=6462724049
2023-10-03 17:09:04,263 INFO:aiogram.event: Update id=745769110 is handled. Duration 203 ms by bot id=6462724049
2023-10-03 17:09:05,930 INFO:aiogram.event: Update id=745769111 is handled. Duration 141 ms by bot id=6462724049
2023-10-03 17:09:19,017 INFO:aiogram.event: Update id=745769112 is handled. Duration 514 ms by bot id=6462724049
2023-10-03 17:09:22,226 INFO:aiogram.event: Update id=745769113 is handled. Duration 109 ms by bot id=6462724049
2023-10-03 17:09:23,211 INFO:aiogram.event: Update id=745769114 is handled. Duration 93 ms by bot id=6462724049
2023-10-03 17:09:28,241 INFO:aiogram.event: Update id=745769115 is handled. Duration 108 ms by bot id=6462724049
2023-10-03 17:09:30,610 INFO:aiogram.event: Update id=745769116 is handled. Duration 125 ms by bot id=6462724049
2023-10-03 17:09:34,562 INFO:aiogram.event: Update id=745769117 is handled. Duration 250 ms by bot id=6462724049
2023-10-03 17:09:38,496 INFO:aiogram.event: Update id=745769118 is handled. Duration 578 ms by bot id=6462724049
2023-10-03 17:12:09,947 INFO:aiogram.dispatcher: Polling stopped
2023-10-03 17:12:09,947 INFO:aiogram.dispatcher: Polling stopped for bot @avi_test_support_bot id=6462724049 - 'avi_test_bot_support'
2023-10-03 17:12:11,309 INFO:aiogram.dispatcher: Start polling
2023-10-03 17:12:11,350 INFO:aiogram.dispatcher: Run polling for bot @avi_test_support_bot id=6462724049 - 'avi_test_bot_support'
2023-10-03 17:12:13,295 INFO:aiogram.event: Update id=745769119 is handled. Duration 155 ms by bot id=6462724049
2023-10-03 17:12:13,916 INFO:aiogram.event: Update id=745769120 is handled. Duration 108 ms by bot id=6462724049
2023-10-03 17:12:14,514 INFO:aiogram.event: Update id=745769121 is handled. Duration 125 ms by bot id=6462724049
2023-10-03 17:12:15,074 INFO:aiogram.event: Update id=745769122 is handled. Duration 125 ms by bot id=6462724049
2023-10-03 17:12:15,558 INFO:aiogram.event: Update id=745769123 is handled. Duration 171 ms by bot id=6462724049
2023-10-03 17:12:16,050 INFO:aiogram.event: Update id=745769124 is handled. Duration 141 ms by bot id=6462724049
2023-10-03 17:12:17,188 INFO:aiogram.event: Update id=745769125 is handled. Duration 93 ms by bot id=6462724049
2023-10-03 17:12:20,896 INFO:aiogram.event: Update id=745769126 is handled. Duration 139 ms by bot id=6462724049
2023-10-03 17:12:26,654 INFO:aiogram.event: Update id=745769127 is handled. Duration 250 ms by bot id=6462724049
2023-10-03 17:12:31,192 INFO:aiogram.event: Update id=745769128 is handled. Duration 77 ms by bot id=6462724049
2023-10-03 17:12:31,951 INFO:aiogram.event: Update id=745769129 is handled. Duration 92 ms by bot id=6462724049
2023-10-03 17:12:33,003 INFO:aiogram.event: Update id=745769130 is handled. Duration 94 ms by bot id=6462724049
2023-10-03 17:12:33,835 INFO:aiogram.event: Update id=745769131 is handled. Duration 77 ms by bot id=6462724049
2023-10-03 17:12:35,145 INFO:aiogram.event: Update id=745769132 is handled. Duration 170 ms by bot id=6462724049
2023-10-03 17:12:38,770 INFO:aiogram.event: Update id=745769133 is handled. Duration 125 ms by bot id=6462724049
2023-10-03 17:12:43,214 INFO:aiogram.event: Update id=745769134 is handled. Duration 156 ms by bot id=6462724049
2023-10-03 17:12:44,448 INFO:aiogram.event: Update id=745769135 is handled. Duration 77 ms by bot id=6462724049
2023-10-03 17:12:46,557 INFO:aiogram.event: Update id=745769136 is handled. Duration 77 ms by bot id=6462724049
2023-10-03 17:12:48,285 INFO:aiogram.event: Update id=745769137 is handled. Duration 125 ms by bot id=6462724049
2023-10-03 17:12:53,810 INFO:aiogram.event: Update id=745769138 is handled. Duration 218 ms by bot id=6462724049
2023-10-03 17:13:01,263 INFO:aiogram.event: Update id=745769139 is handled. Duration 1578 ms by bot id=6462724049
2023-10-03 17:13:08,263 INFO:aiogram.event: Update id=745769140 is handled. Duration 156 ms by bot id=6462724049
2023-10-03 17:16:53,991 INFO:aiogram.event: Update id=745769141 is handled. Duration 187 ms by bot id=6462724049
2023-10-03 17:17:00,396 INFO:aiogram.event: Update id=745769142 is handled. Duration 250 ms by bot id=6462724049
2023-10-03 17:17:03,368 INFO:aiogram.event: Update id=745769143 is handled. Duration 172 ms by bot id=6462724049
2023-10-03 17:17:04,832 INFO:aiogram.event: Update id=745769144 is handled. Duration 188 ms by bot id=6462724049
2023-10-03 17:17:06,382 INFO:aiogram.event: Update id=745769145 is handled. Duration 328 ms by bot id=6462724049
2023-10-03 17:17:09,544 INFO:aiogram.event: Update id=745769146 is handled. Duration 250 ms by bot id=6462724049
2023-10-03 17:17:15,180 INFO:aiogram.event: Update id=745769147 is handled. Duration 250 ms by bot id=6462724049
2023-10-03 17:17:18,369 INFO:aiogram.event: Update id=745769148 is handled. Duration 1608 ms by bot id=6462724049
2023-10-03 17:23:32,363 INFO:aiogram.dispatcher: Polling stopped
2023-10-03 17:23:32,364 INFO:aiogram.dispatcher: Polling stopped for bot @avi_test_support_bot id=6462724049 - 'avi_test_bot_support'
2023-10-03 17:23:34,221 INFO:aiogram.dispatcher: Start polling
2023-10-03 17:23:34,266 INFO:aiogram.dispatcher: Run polling for bot @avi_test_support_bot id=6462724049 - 'avi_test_bot_support'
2023-10-03 17:23:35,969 INFO:aiogram.event: Update id=745769149 is handled. Duration 156 ms by bot id=6462724049
2023-10-03 17:23:36,721 INFO:aiogram.event: Update id=745769150 is handled. Duration 93 ms by bot id=6462724049
2023-10-03 17:23:37,780 INFO:aiogram.event: Update id=745769151 is handled. Duration 170 ms by bot id=6462724049
2023-10-03 17:23:38,204 INFO:aiogram.event: Update id=745769152 is handled. Duration 172 ms by bot id=6462724049
2023-10-03 17:23:38,522 INFO:aiogram.event: Update id=745769153 is handled. Duration 155 ms by bot id=6462724049
2023-10-03 17:23:38,885 INFO:aiogram.event: Update id=745769154 is handled. Duration 203 ms by bot id=6462724049
2023-10-03 17:23:40,550 INFO:aiogram.event: Update id=745769155 is handled. Duration 157 ms by bot id=6462724049
2023-10-03 17:23:47,089 INFO:aiogram.event: Update id=745769156 is handled. Duration 452 ms by bot id=6462724049
2023-10-03 17:23:50,244 INFO:aiogram.event: Update id=745769157 is handled. Duration 1578 ms by bot id=6462724049
2023-10-03 17:26:46,975 INFO:aiogram.dispatcher: Polling stopped
2023-10-03 17:26:46,976 INFO:aiogram.dispatcher: Polling stopped for bot @avi_test_support_bot id=6462724049 - 'avi_test_bot_support'
2023-10-03 17:26:48,707 INFO:aiogram.dispatcher: Start polling
2023-10-03 17:26:48,750 INFO:aiogram.dispatcher: Run polling for bot @avi_test_support_bot id=6462724049 - 'avi_test_bot_support'
2023-10-03 17:26:50,566 INFO:aiogram.event: Update id=745769158 is handled. Duration 281 ms by bot id=6462724049
2023-10-03 17:26:51,339 INFO:aiogram.event: Update id=745769159 is handled. Duration 93 ms by bot id=6462724049
2023-10-03 17:26:52,912 INFO:aiogram.event: Update id=745769160 is handled. Duration 280 ms by bot id=6462724049
2023-10-03 17:26:53,506 INFO:aiogram.event: Update id=745769161 is handled. Duration 266 ms by bot id=6462724049
2023-10-03 17:26:54,506 INFO:aiogram.event: Update id=745769162 is handled. Duration 453 ms by bot id=6462724049
2023-10-03 17:26:55,387 INFO:aiogram.event: Update id=745769163 is handled. Duration 406 ms by bot id=6462724049
2023-10-03 17:26:56,872 INFO:aiogram.event: Update id=745769164 is handled. Duration 78 ms by bot id=6462724049
2023-10-03 17:27:02,293 INFO:aiogram.event: Update id=745769165 is handled. Duration 280 ms by bot id=6462724049
2023-10-03 17:27:50,524 INFO:aiogram.event: Update id=745769166 is handled. Duration 2561 ms by bot id=6462724049
2023-10-03 17:31:09,629 INFO:aiogram.event: Update id=745769167 is handled. Duration 188 ms by bot id=6462724049
2023-10-03 17:34:07,501 INFO:aiogram.event: Update id=745769168 is handled. Duration 172 ms by bot id=6462724049
2023-10-03 17:34:09,280 INFO:aiogram.event: Update id=745769169 is handled. Duration 186 ms by bot id=6462724049
2023-10-03 17:34:09,886 INFO:aiogram.event: Update id=745769170 is handled. Duration 141 ms by bot id=6462724049
2023-10-03 17:34:10,612 INFO:aiogram.event: Update id=745769171 is handled. Duration 172 ms by bot id=6462724049
2023-10-03 17:34:11,125 INFO:aiogram.event: Update id=745769172 is handled. Duration 125 ms by bot id=6462724049
2023-10-03 17:34:11,672 INFO:aiogram.event: Update id=745769173 is handled. Duration 171 ms by bot id=6462724049
2023-10-03 17:34:12,721 INFO:aiogram.event: Update id=745769174 is handled. Duration 250 ms by bot id=6462724049
2023-10-03 17:34:14,501 INFO:aiogram.event: Update id=745769175 is handled. Duration 125 ms by bot id=6462724049
2023-10-03 17:34:31,040 INFO:aiogram.event: Update id=745769176 is handled. Duration 421 ms by bot id=6462724049
2023-10-03 17:34:33,710 INFO:aiogram.event: Update id=745769177 is handled. Duration 1641 ms by bot id=6462724049
2023-10-03 17:40:23,651 INFO:aiogram.dispatcher: Polling stopped
2023-10-03 17:40:23,652 INFO:aiogram.dispatcher: Polling stopped for bot @avi_test_support_bot id=6462724049 - 'avi_test_bot_support'
2023-10-03 17:40:24,960 INFO:aiogram.dispatcher: Start polling
2023-10-03 17:40:25,019 INFO:aiogram.dispatcher: Run polling for bot @avi_test_support_bot id=6462724049 - 'avi_test_bot_support'
2023-10-03 17:40:26,673 INFO:aiogram.event: Update id=745769178 is handled. Duration 186 ms by bot id=6462724049
2023-10-03 17:40:27,345 INFO:aiogram.event: Update id=745769179 is handled. Duration 141 ms by bot id=6462724049
2023-10-03 17:40:27,971 INFO:aiogram.event: Update id=745769180 is handled. Duration 141 ms by bot id=6462724049
2023-10-03 17:40:28,461 INFO:aiogram.event: Update id=745769181 is handled. Duration 156 ms by bot id=6462724049
2023-10-03 17:40:28,770 INFO:aiogram.event: Update id=745769182 is handled. Duration 155 ms by bot id=6462724049
2023-10-03 17:40:29,142 INFO:aiogram.event: Update id=745769183 is handled. Duration 155 ms by bot id=6462724049
2023-10-03 17:40:30,342 INFO:aiogram.event: Update id=745769184 is handled. Duration 93 ms by bot id=6462724049
2023-10-03 17:40:36,338 INFO:aiogram.event: Update id=745769185 is handled. Duration 468 ms by bot id=6462724049
2023-10-03 17:40:39,876 INFO:aiogram.event: Update id=745769186 is handled. Duration 1625 ms by bot id=6462724049
2023-10-03 17:40:55,354 INFO:aiogram.dispatcher: Polling stopped
2023-10-03 17:40:55,354 INFO:aiogram.dispatcher: Polling stopped for bot @avi_test_support_bot id=6462724049 - 'avi_test_bot_support'
2023-10-03 17:40:56,523 INFO:aiogram.dispatcher: Start polling
2023-10-03 17:40:56,566 INFO:aiogram.dispatcher: Run polling for bot @avi_test_support_bot id=6462724049 - 'avi_test_bot_support'
2023-10-03 17:40:58,255 INFO:aiogram.event: Update id=745769187 is handled. Duration 172 ms by bot id=6462724049
2023-10-03 17:40:58,753 INFO:aiogram.event: Update id=745769188 is handled. Duration 110 ms by bot id=6462724049
2023-10-03 17:40:59,666 INFO:aiogram.event: Update id=745769189 is handled. Duration 141 ms by bot id=6462724049
2023-10-03 17:41:00,292 INFO:aiogram.event: Update id=745769190 is handled. Duration 202 ms by bot id=6462724049
2023-10-03 17:41:00,813 INFO:aiogram.event: Update id=745769191 is handled. Duration 202 ms by bot id=6462724049
2023-10-03 17:41:01,442 INFO:aiogram.event: Update id=745769192 is handled. Duration 281 ms by bot id=6462724049
2023-10-03 17:41:02,753 INFO:aiogram.event: Update id=745769193 is handled. Duration 188 ms by bot id=6462724049
2023-10-03 17:41:07,337 INFO:aiogram.event: Update id=745769194 is handled. Duration 358 ms by bot id=6462724049
2023-10-03 17:41:09,813 INFO:aiogram.event: Update id=745769195 is handled. Duration 1546 ms by bot id=6462724049
2023-10-03 17:41:26,853 INFO:aiogram.dispatcher: Polling stopped
2023-10-03 17:41:26,854 INFO:aiogram.dispatcher: Polling stopped for bot @avi_test_support_bot id=6462724049 - 'avi_test_bot_support'
2023-10-03 17:41:28,162 INFO:aiogram.dispatcher: Start polling
2023-10-03 17:41:28,212 INFO:aiogram.dispatcher: Run polling for bot @avi_test_support_bot id=6462724049 - 'avi_test_bot_support'
2023-10-03 17:41:30,071 INFO:aiogram.event: Update id=745769196 is handled. Duration 250 ms by bot id=6462724049
2023-10-03 17:41:30,727 INFO:aiogram.event: Update id=745769197 is handled. Duration 125 ms by bot id=6462724049
2023-10-03 17:41:32,090 INFO:aiogram.event: Update id=745769198 is handled. Duration 250 ms by bot id=6462724049
2023-10-03 17:41:33,632 INFO:aiogram.event: Update id=745769199 is handled. Duration 125 ms by bot id=6462724049
2023-10-03 17:41:34,846 INFO:aiogram.event: Update id=745769200 is handled. Duration 157 ms by bot id=6462724049
2023-10-03 17:41:35,600 INFO:aiogram.event: Update id=745769201 is handled. Duration 141 ms by bot id=6462724049
2023-10-03 17:41:36,878 INFO:aiogram.event: Update id=745769202 is handled. Duration 78 ms by bot id=6462724049
2023-10-03 17:41:42,118 INFO:aiogram.event: Update id=745769203 is handled. Duration 265 ms by bot id=6462724049
2023-10-03 17:41:44,823 INFO:aiogram.event: Update id=745769204 is handled. Duration 1656 ms by bot id=6462724049
2023-10-03 17:42:50,890 INFO:aiogram.event: Update id=745769205 is handled. Duration 172 ms by bot id=6462724049
2023-10-03 17:42:51,924 INFO:aiogram.event: Update id=745769206 is handled. Duration 125 ms by bot id=6462724049
2023-10-03 17:42:52,783 INFO:aiogram.event: Update id=745769207 is handled. Duration 327 ms by bot id=6462724049
2023-10-03 17:42:53,115 INFO:aiogram.event: Update id=745769208 is handled. Duration 250 ms by bot id=6462724049
2023-10-03 17:42:53,709 INFO:aiogram.event: Update id=745769209 is handled. Duration 156 ms by bot id=6462724049
2023-10-03 17:42:54,344 INFO:aiogram.event: Update id=745769210 is handled. Duration 313 ms by bot id=6462724049
2023-10-03 17:42:55,289 INFO:aiogram.event: Update id=745769211 is handled. Duration 141 ms by bot id=6462724049
2023-10-03 17:42:59,653 INFO:aiogram.event: Update id=745769212 is handled. Duration 420 ms by bot id=6462724049
2023-10-03 17:44:06,336 INFO:aiogram.dispatcher: Polling stopped
2023-10-03 17:44:06,337 INFO:aiogram.dispatcher: Polling stopped for bot @avi_test_support_bot id=6462724049 - 'avi_test_bot_support'
2023-10-03 17:44:07,708 INFO:aiogram.dispatcher: Start polling
2023-10-03 17:44:07,753 INFO:aiogram.dispatcher: Run polling for bot @avi_test_support_bot id=6462724049 - 'avi_test_bot_support'
2023-10-03 17:44:12,657 INFO:aiogram.event: Update id=745769213 is handled. Duration 155 ms by bot id=6462724049
2023-10-03 17:44:13,301 INFO:aiogram.event: Update id=745769214 is handled. Duration 93 ms by bot id=6462724049
2023-10-03 17:44:14,848 INFO:aiogram.event: Update id=745769215 is handled. Duration 157 ms by bot id=6462724049
2023-10-03 17:44:16,111 INFO:aiogram.event: Update id=745769216 is handled. Duration 265 ms by bot id=6462724049
2023-10-03 17:44:16,703 INFO:aiogram.event: Update id=745769217 is handled. Duration 297 ms by bot id=6462724049
2023-10-03 17:44:17,128 INFO:aiogram.event: Update id=745769218 is handled. Duration 328 ms by bot id=6462724049
2023-10-03 17:44:18,414 INFO:aiogram.event: Update id=745769219 is handled. Duration 125 ms by bot id=6462724049
2023-10-03 17:44:23,042 INFO:aiogram.event: Update id=745769220 is handled. Duration 327 ms by bot id=6462724049
2023-10-03 17:44:27,436 INFO:aiogram.event: Update id=745769221 is handled. Duration 93 ms by bot id=6462724049
2023-10-03 17:44:34,194 INFO:aiogram.event: Update id=745769222 is handled. Duration 77 ms by bot id=6462724049
2023-10-03 17:44:36,689 INFO:aiogram.event: Update id=745769223 is handled. Duration 172 ms by bot id=6462724049
2023-10-03 17:44:38,029 INFO:aiogram.event: Update id=745769224 is handled. Duration 139 ms by bot id=6462724049
2023-10-03 17:44:41,714 INFO:aiogram.event: Update id=745769225 is handled. Duration 452 ms by bot id=6462724049
2023-10-03 17:44:43,002 INFO:aiogram.event: Update id=745769226 is handled. Duration 110 ms by bot id=6462724049
2023-10-03 17:44:51,593 INFO:aiogram.event: Update id=745769227 is handled. Duration 93 ms by bot id=6462724049
2023-10-03 17:44:52,653 INFO:aiogram.event: Update id=745769228 is handled. Duration 77 ms by bot id=6462724049
2023-10-03 17:44:53,243 INFO:aiogram.event: Update id=745769229 is handled. Duration 108 ms by bot id=6462724049
2023-10-03 17:44:53,805 INFO:aiogram.event: Update id=745769230 is handled. Duration 125 ms by bot id=6462724049
2023-10-03 17:44:54,472 INFO:aiogram.event: Update id=745769231 is handled. Duration 204 ms by bot id=6462724049
2023-10-03 17:44:58,202 INFO:aiogram.event: Update id=745769232 is handled. Duration 92 ms by bot id=6462724049
2023-10-03 17:58:57,801 INFO:aiogram.dispatcher: Polling stopped
2023-10-03 17:58:57,801 INFO:aiogram.dispatcher: Polling stopped for bot @avi_test_support_bot id=6462724049 - 'avi_test_bot_support'
2023-10-03 17:59:15,690 INFO:aiogram.dispatcher: Start polling
2023-10-03 17:59:15,733 INFO:aiogram.dispatcher: Run polling for bot @avi_test_support_bot id=6462724049 - 'avi_test_bot_support'
2023-10-03 17:59:24,973 INFO:aiogram.event: Update id=745769233 is handled. Duration 234 ms by bot id=6462724049
2023-10-03 17:59:54,042 INFO:aiogram.dispatcher: Polling stopped
2023-10-03 17:59:54,043 INFO:aiogram.dispatcher: Polling stopped for bot @avi_test_support_bot id=6462724049 - 'avi_test_bot_support'
